<?xml version="1.0" encoding="UTF-8"?>
<testng-results ignored="0" total="1" passed="1" failed="0" skipped="0">
  <reporter-output>
  </reporter-output>
  <suite started-at="2024-05-17T15:04:29 IST" name="Suite" finished-at="2024-05-17T15:04:37 IST" duration-ms="8291">
    <groups>
    </groups>
    <test started-at="2024-05-17T15:04:29 IST" name="Test" finished-at="2024-05-17T15:04:37 IST" duration-ms="8291">
      <class name="test.Cricbuzz">
        <test-method signature="cricbuzz()[pri:0, instance:test.Cricbuzz@77fbd92c]" started-at="2024-05-17T15:04:29 IST" name="cricbuzz" finished-at="2024-05-17T15:04:37 IST" duration-ms="8206" status="PASS">
          <reporter-output>
          </reporter-output>
        </test-method> <!-- cricbuzz -->
      </class> <!-- test.Cricbuzz -->
    </test> <!-- Test -->
  </suite> <!-- Suite -->
</testng-results>
